<?xml version="1.0" encoding="UTF-8"?>
<!-- Generated by org.testng.reporters.JUnitXMLReporter -->
<testsuite ignored="0" hostname="Borra" failures="1" tests="3" name="Test" time="18.705" errors="0" timestamp="2025-03-03T15:23:24 EST">
  <testcase classname="testCases.TC001_AccountRegistrationTest" name="verifyAccountRegistration" time="2.123"/>
  <testcase classname="testCases.TC002_LoginTest" name="verifyLogin" time="1.546"/>
  <testcase classname="testCases.TC_004_SearchProductTest" name="verify_pruductSearch" time="0.446">
    <failure type="java.lang.AssertionError" message="expected [true] but found [false]">
      <![CDATA[java.lang.AssertionError: expected [true] but found [false]
at testCases.TC_004_SearchProductTest.verify_pruductSearch(TC_004_SearchProductTest.java:28)
at java.base/java.util.ArrayList.forEach(ArrayList.java:1511)
... Removed 34 stack frames]]>
    </failure>
  </testcase> <!-- verify_pruductSearch -->
</testsuite> <!-- Test -->
